2021-08-23 01:39:57 PM excel_suffix: TOT202108

2021-08-23 01:39:57 PM merging: False

2021-08-23 01:39:57 PM updating: True

2021-08-23 01:39:57 PM find_unknown: False

2021-08-23 01:39:57 PM dealing_start_year: 1957

2021-08-23 01:39:57 PM Process: File Updating

2021-08-23 01:39:57 PM Updating file: 0 s

2021-08-23 01:39:57 PM Reading original database: EIKON_database_1TOT202104, Time: 0 s

2021-08-23 01:41:28 PM Reading original database: EIKON_database_2TOT202104, Time: 90 s

2021-08-23 01:42:28 PM Reading updated database: EIKON_databaseUP.xlsx, Time: 150 s

2021-08-23 02:11:13 PM updated: 3037

2021-08-23 02:11:13 PM      databank             name     old_name   db_table  db_code                                             desc_e  ...                  base                  quote   snl      source                                form_e   form_c
0       EIKON  D001SPEDRAWEB.d  SPEDRAW(EB)  DB_D_0001  data001  Exchange Rates: SDR per United States Dollar (...  ...  United States Dollar  Special Drawing Right     1  WM/Reuters      Exchange Rate - Bid, Time Series      NaN
1       EIKON  D001SPEDRAWEO.d  SPEDRAW(EO)  DB_D_0001  data002  Exchange Rates: SDR per United States Dollar (...  ...  United States Dollar  Special Drawing Right     2  WM/Reuters  Exchange Rate - Offered, Time Series      NaN
2       EIKON  D001SPEDRAWER.d  SPEDRAW(ER)  DB_D_0001  data003  Exchange Rates: SDR per United States Dollar (...  ...  United States Dollar  Special Drawing Right     3  WM/Reuters   Exchange Rate - Middle, Time Series      NaN
3       EIKON  D111SOLOMO$EB.d  SOLOMO$(EB)  DB_D_0001  data004  Exchange Rates: United States Dollar per Solom...  ...  United States Dollar   United States Dollar     4  WM/Reuters      Exchange Rate - Bid, Time Series      NaN
4       EIKON  D111SOLOMO$EO.d  SOLOMO$(EO)  DB_D_0001  data005  Exchange Rates: United States Dollar per Solom...  ...  United States Dollar   United States Dollar     5  WM/Reuters  Exchange Rate - Offered, Time Series      NaN
...       ...              ...          ...        ...      ...                                                ...  ...                   ...                    ...   ...         ...                                   ...      ...
3172    EIKON  D968USRONONEO.d  USRONON(EO)  DB_D_0016  data188  Exchange Rates: New Romanian Leu per United St...  ...  United States Dollar           Romanian Leu  3173  WM/Reuters  Exchange Rate - Offered, Time Series  Forward
3173    EIKON  D968USRONONER.d  USRONON(ER)  DB_D_0016  data189  Exchange Rates: New Romanian Leu per United St...  ...  United States Dollar           Romanian Leu  3174  WM/Reuters   Exchange Rate - Middle, Time Series  Forward
3174    EIKON  D968USRONTNEB.d  USRONTN(EB)  DB_D_0016  data190  Exchange Rates: New Romanian Leu per United St...  ...  United States Dollar           Romanian Leu  3175  WM/Reuters      Exchange Rate - Bid, Time Series  Forward
3175    EIKON  D968USRONTNEO.d  USRONTN(EO)  DB_D_0016  data191  Exchange Rates: New Romanian Leu per United St...  ...  United States Dollar           Romanian Leu  3176  WM/Reuters  Exchange Rate - Offered, Time Series  Forward
3176    EIKON  D968USRONTNER.d  USRONTN(ER)  DB_D_0016  data192  Exchange Rates: New Romanian Leu per United St...  ...  United States Dollar           Romanian Leu  3177  WM/Reuters   Exchange Rate - Middle, Time Series  Forward

[3177 rows x 16 columns]
2021-08-23 02:11:14 PM Outputing file: EIKON_database_1
2021-08-23 02:16:05 PM Outputing file: EIKON_database_2
2021-08-23 02:19:42 PM 
database_num = 2
